{"/mnt/c/dev/Stokvel/stokvel-management/backend/server.js": {"path":"/mnt/c/dev/Stokvel/stokvel-management/backend/server.js","statementMap":{"0":{"start":{"line":1,"column":0},"end":{"line":1,"column":82}},"1":{"start":{"line":2,"column":25},"end":{"line":2,"column":50}},"2":{"start":{"line":4,"column":15},"end":{"line":7,"column":2}},"3":{"start":{"line":9,"column":13},"end":{"line":9,"column":28}},"4":{"start":{"line":10,"column":16},"end":{"line":10,"column":34}},"5":{"start":{"line":11,"column":13},"end":{"line":11,"column":28}},"6":{"start":{"line":12,"column":15},"end":{"line":12,"column":32}},"7":{"start":{"line":13,"column":12},"end":{"line":13,"column":21}},"8":{"start":{"line":15,"column":0},"end":{"line":21,"column":4}},"9":{"start":{"line":23,"column":0},"end":{"line":23,"column":24}},"10":{"start":{"line":24,"column":0},"end":{"line":24,"column":64}},"11":{"start":{"line":25,"column":0},"end":{"line":25,"column":73}},"12":{"start":{"line":28,"column":4},"end":{"line":28,"column":50}},"13":{"start":{"line":31,"column":0},"end":{"line":38,"column":3}},"14":{"start":{"line":32,"column":4},"end":{"line":37,"column":7}},"15":{"start":{"line":40,"column":0},"end":{"line":52,"column":3}},"16":{"start":{"line":41,"column":4},"end":{"line":51,"column":5}},"17":{"start":{"line":54,"column":24},"end":{"line":54,"column":56}},"18":{"start":{"line":56,"column":0},"end":{"line":58,"column":3}},"19":{"start":{"line":57,"column":4},"end":{"line":57,"column":86}},"20":{"start":{"line":60,"column":0},"end":{"line":67,"column":3}},"21":{"start":{"line":61,"column":4},"end":{"line":66,"column":5}},"22":{"start":{"line":62,"column":22},"end":{"line":62,"column":51}},"23":{"start":{"line":63,"column":8},"end":{"line":63,"column":24}},"24":{"start":{"line":65,"column":8},"end":{"line":65,"column":55}},"25":{"start":{"line":69,"column":0},"end":{"line":76,"column":3}},"26":{"start":{"line":70,"column":4},"end":{"line":75,"column":5}},"27":{"start":{"line":71,"column":23},"end":{"line":71,"column":53}},"28":{"start":{"line":72,"column":8},"end":{"line":72,"column":25}},"29":{"start":{"line":74,"column":8},"end":{"line":74,"column":66}},"30":{"start":{"line":79,"column":20},"end":{"line":79,"column":39}},"31":{"start":{"line":80,"column":4},"end":{"line":84,"column":5}},"32":{"start":{"line":81,"column":8},"end":{"line":81,"column":47}},"33":{"start":{"line":82,"column":11},"end":{"line":84,"column":5}},"34":{"start":{"line":83,"column":8},"end":{"line":83,"column":49}},"35":{"start":{"line":85,"column":4},"end":{"line":85,"column":19}},"36":{"start":{"line":89,"column":4},"end":{"line":116,"column":5}},"37":{"start":{"line":90,"column":22},"end":{"line":93,"column":10}},"38":{"start":{"line":94,"column":8},"end":{"line":94,"column":96}},"39":{"start":{"line":94,"column":22},"end":{"line":94,"column":81}},"40":{"start":{"line":94,"column":82},"end":{"line":94,"column":94}},"41":{"start":{"line":96,"column":20},"end":{"line":96,"column":30}},"42":{"start":{"line":97,"column":22},"end":{"line":97,"column":35}},"43":{"start":{"line":98,"column":8},"end":{"line":102,"column":9}},"44":{"start":{"line":99,"column":12},"end":{"line":99,"column":47}},"45":{"start":{"line":100,"column":15},"end":{"line":102,"column":9}},"46":{"start":{"line":101,"column":12},"end":{"line":101,"column":49}},"47":{"start":{"line":104,"column":29},"end":{"line":110,"column":10}},"48":{"start":{"line":111,"column":8},"end":{"line":111,"column":90}},"49":{"start":{"line":112,"column":8},"end":{"line":112,"column":28}},"50":{"start":{"line":114,"column":8},"end":{"line":114,"column":76}},"51":{"start":{"line":115,"column":8},"end":{"line":115,"column":20}},"52":{"start":{"line":119,"column":0},"end":{"line":141,"column":3}},"53":{"start":{"line":120,"column":118},"end":{"line":120,"column":126}},"54":{"start":{"line":121,"column":4},"end":{"line":140,"column":5}},"55":{"start":{"line":122,"column":23},"end":{"line":135,"column":10}},"56":{"start":{"line":123,"column":29},"end":{"line":129,"column":14}},"57":{"start":{"line":130,"column":30},"end":{"line":132,"column":14}},"58":{"start":{"line":133,"column":12},"end":{"line":133,"column":97}},"59":{"start":{"line":134,"column":12},"end":{"line":134,"column":43}},"60":{"start":{"line":136,"column":8},"end":{"line":136,"column":122}},"61":{"start":{"line":138,"column":8},"end":{"line":138,"column":48}},"62":{"start":{"line":139,"column":8},"end":{"line":139,"column":94}},"63":{"start":{"line":143,"column":0},"end":{"line":174,"column":3}},"64":{"start":{"line":144,"column":23},"end":{"line":144,"column":33}},"65":{"start":{"line":145,"column":4},"end":{"line":173,"column":5}},"66":{"start":{"line":146,"column":28},"end":{"line":149,"column":10}},"67":{"start":{"line":150,"column":31},"end":{"line":168,"column":11}},"68":{"start":{"line":151,"column":28},"end":{"line":151,"column":53}},"69":{"start":{"line":152,"column":33},"end":{"line":155,"column":14}},"70":{"start":{"line":156,"column":28},"end":{"line":159,"column":15}},"71":{"start":{"line":156,"column":56},"end":{"line":159,"column":13}},"72":{"start":{"line":160,"column":12},"end":{"line":167,"column":14}},"73":{"start":{"line":169,"column":8},"end":{"line":169,"column":33}},"74":{"start":{"line":171,"column":8},"end":{"line":171,"column":64}},"75":{"start":{"line":172,"column":8},"end":{"line":172,"column":99}},"76":{"start":{"line":176,"column":0},"end":{"line":204,"column":3}},"77":{"start":{"line":177,"column":31},"end":{"line":177,"column":39}},"78":{"start":{"line":178,"column":4},"end":{"line":180,"column":5}},"79":{"start":{"line":179,"column":8},"end":{"line":179,"column":106}},"80":{"start":{"line":181,"column":4},"end":{"line":203,"column":5}},"81":{"start":{"line":182,"column":21},"end":{"line":182,"column":72}},"82":{"start":{"line":183,"column":8},"end":{"line":183,"column":125}},"83":{"start":{"line":183,"column":19},"end":{"line":183,"column":125}},"84":{"start":{"line":185,"column":35},"end":{"line":187,"column":10}},"85":{"start":{"line":188,"column":8},"end":{"line":188,"column":112}},"86":{"start":{"line":188,"column":32},"end":{"line":188,"column":112}},"87":{"start":{"line":190,"column":26},"end":{"line":192,"column":10}},"88":{"start":{"line":193,"column":8},"end":{"line":193,"column":77}},"89":{"start":{"line":195,"column":22},"end":{"line":195,"column":119}},"90":{"start":{"line":196,"column":8},"end":{"line":199,"column":11}},"91":{"start":{"line":201,"column":8},"end":{"line":201,"column":62}},"92":{"start":{"line":202,"column":8},"end":{"line":202,"column":97}},"93":{"start":{"line":207,"column":0},"end":{"line":245,"column":3}},"94":{"start":{"line":208,"column":61},"end":{"line":208,"column":69}},"95":{"start":{"line":209,"column":4},"end":{"line":211,"column":5}},"96":{"start":{"line":210,"column":8},"end":{"line":210,"column":142}},"97":{"start":{"line":212,"column":4},"end":{"line":244,"column":5}},"98":{"start":{"line":213,"column":22},"end":{"line":213,"column":150}},"99":{"start":{"line":214,"column":8},"end":{"line":214,"column":78}},"100":{"start":{"line":214,"column":20},"end":{"line":214,"column":78}},"101":{"start":{"line":215,"column":8},"end":{"line":217,"column":9}},"102":{"start":{"line":216,"column":12},"end":{"line":216,"column":123}},"103":{"start":{"line":218,"column":27},"end":{"line":221,"column":10}},"104":{"start":{"line":222,"column":8},"end":{"line":239,"column":9}},"105":{"start":{"line":223,"column":26},"end":{"line":223,"column":36}},"106":{"start":{"line":224,"column":12},"end":{"line":225,"column":62}},"107":{"start":{"line":224,"column":62},"end":{"line":224,"column":101}},"108":{"start":{"line":225,"column":19},"end":{"line":225,"column":60}},"109":{"start":{"line":226,"column":12},"end":{"line":233,"column":15}},"110":{"start":{"line":235,"column":12},"end":{"line":238,"column":15}},"111":{"start":{"line":240,"column":8},"end":{"line":240,"column":94}},"112":{"start":{"line":242,"column":8},"end":{"line":242,"column":59}},"113":{"start":{"line":243,"column":8},"end":{"line":243,"column":94}},"114":{"start":{"line":247,"column":0},"end":{"line":259,"column":3}},"115":{"start":{"line":248,"column":32},"end":{"line":248,"column":42}},"116":{"start":{"line":249,"column":4},"end":{"line":258,"column":5}},"117":{"start":{"line":250,"column":30},"end":{"line":253,"column":10}},"118":{"start":{"line":254,"column":8},"end":{"line":254,"column":90}},"119":{"start":{"line":256,"column":8},"end":{"line":256,"column":62}},"120":{"start":{"line":257,"column":8},"end":{"line":257,"column":97}},"121":{"start":{"line":261,"column":0},"end":{"line":316,"column":3}},"122":{"start":{"line":262,"column":24},"end":{"line":262,"column":34}},"123":{"start":{"line":263,"column":4},"end":{"line":315,"column":5}},"124":{"start":{"line":264,"column":22},"end":{"line":264,"column":150}},"125":{"start":{"line":265,"column":8},"end":{"line":265,"column":78}},"126":{"start":{"line":265,"column":20},"end":{"line":265,"column":78}},"127":{"start":{"line":267,"column":24},"end":{"line":270,"column":10}},"128":{"start":{"line":272,"column":20},"end":{"line":272,"column":30}},"129":{"start":{"line":274,"column":8},"end":{"line":280,"column":9}},"130":{"start":{"line":275,"column":12},"end":{"line":275,"column":39}},"131":{"start":{"line":275,"column":40},"end":{"line":275,"column":89}},"132":{"start":{"line":275,"column":90},"end":{"line":275,"column":122}},"133":{"start":{"line":276,"column":12},"end":{"line":276,"column":44}},"134":{"start":{"line":276,"column":45},"end":{"line":276,"column":86}},"135":{"start":{"line":278,"column":12},"end":{"line":278,"column":72}},"136":{"start":{"line":279,"column":12},"end":{"line":279,"column":74}},"137":{"start":{"line":282,"column":30},"end":{"line":282,"column":110}},"138":{"start":{"line":283,"column":32},"end":{"line":283,"column":41}},"139":{"start":{"line":284,"column":8},"end":{"line":284,"column":89}},"140":{"start":{"line":284,"column":41},"end":{"line":284,"column":87}},"141":{"start":{"line":286,"column":34},"end":{"line":300,"column":10}},"142":{"start":{"line":287,"column":33},"end":{"line":287,"column":73}},"143":{"start":{"line":288,"column":25},"end":{"line":288,"column":35}},"144":{"start":{"line":288,"column":54},"end":{"line":288,"column":58}},"145":{"start":{"line":288,"column":70},"end":{"line":288,"column":74}},"146":{"start":{"line":288,"column":83},"end":{"line":288,"column":87}},"147":{"start":{"line":289,"column":12},"end":{"line":297,"column":13}},"148":{"start":{"line":290,"column":16},"end":{"line":290,"column":45}},"149":{"start":{"line":290,"column":46},"end":{"line":290,"column":92}},"150":{"start":{"line":291,"column":16},"end":{"line":291,"column":47}},"151":{"start":{"line":291,"column":48},"end":{"line":291,"column":73}},"152":{"start":{"line":293,"column":40},"end":{"line":293,"column":60}},"153":{"start":{"line":294,"column":16},"end":{"line":295,"column":86}},"154":{"start":{"line":294,"column":66},"end":{"line":294,"column":125}},"155":{"start":{"line":295,"column":23},"end":{"line":295,"column":84}},"156":{"start":{"line":296,"column":16},"end":{"line":296,"column":44}},"157":{"start":{"line":298,"column":12},"end":{"line":298,"column":125}},"158":{"start":{"line":298,"column":105},"end":{"line":298,"column":123}},"159":{"start":{"line":299,"column":12},"end":{"line":299,"column":242}},"160":{"start":{"line":302,"column":8},"end":{"line":311,"column":11}},"161":{"start":{"line":306,"column":52},"end":{"line":306,"column":83}},"162":{"start":{"line":307,"column":55},"end":{"line":307,"column":89}},"163":{"start":{"line":308,"column":55},"end":{"line":308,"column":90}},"164":{"start":{"line":309,"column":54},"end":{"line":309,"column":87}},"165":{"start":{"line":313,"column":8},"end":{"line":313,"column":68}},"166":{"start":{"line":314,"column":8},"end":{"line":314,"column":91}},"167":{"start":{"line":318,"column":0},"end":{"line":331,"column":3}},"168":{"start":{"line":319,"column":24},"end":{"line":319,"column":34}},"169":{"start":{"line":320,"column":4},"end":{"line":330,"column":5}},"170":{"start":{"line":321,"column":30},"end":{"line":325,"column":10}},"171":{"start":{"line":326,"column":8},"end":{"line":326,"column":32}},"172":{"start":{"line":328,"column":8},"end":{"line":328,"column":62}},"173":{"start":{"line":329,"column":8},"end":{"line":329,"column":73}},"174":{"start":{"line":333,"column":0},"end":{"line":374,"column":3}},"175":{"start":{"line":334,"column":53},"end":{"line":334,"column":61}},"176":{"start":{"line":335,"column":4},"end":{"line":337,"column":5}},"177":{"start":{"line":336,"column":8},"end":{"line":336,"column":132}},"178":{"start":{"line":338,"column":27},"end":{"line":338,"column":56}},"179":{"start":{"line":339,"column":4},"end":{"line":373,"column":5}},"180":{"start":{"line":340,"column":22},"end":{"line":340,"column":150}},"181":{"start":{"line":341,"column":8},"end":{"line":341,"column":78}},"182":{"start":{"line":341,"column":20},"end":{"line":341,"column":78}},"183":{"start":{"line":342,"column":8},"end":{"line":344,"column":9}},"184":{"start":{"line":343,"column":12},"end":{"line":343,"column":123}},"185":{"start":{"line":346,"column":20},"end":{"line":346,"column":30}},"186":{"start":{"line":348,"column":8},"end":{"line":350,"column":79}},"187":{"start":{"line":349,"column":12},"end":{"line":349,"column":39}},"188":{"start":{"line":349,"column":40},"end":{"line":349,"column":89}},"189":{"start":{"line":349,"column":90},"end":{"line":349,"column":122}},"190":{"start":{"line":350,"column":17},"end":{"line":350,"column":77}},"191":{"start":{"line":352,"column":32},"end":{"line":352,"column":186}},"192":{"start":{"line":353,"column":8},"end":{"line":353,"column":108}},"193":{"start":{"line":353,"column":29},"end":{"line":353,"column":108}},"194":{"start":{"line":355,"column":32},"end":{"line":355,"column":160}},"195":{"start":{"line":356,"column":8},"end":{"line":356,"column":121}},"196":{"start":{"line":356,"column":29},"end":{"line":356,"column":121}},"197":{"start":{"line":358,"column":27},"end":{"line":358,"column":186}},"198":{"start":{"line":359,"column":8},"end":{"line":368,"column":9}},"199":{"start":{"line":360,"column":26},"end":{"line":360,"column":39}},"200":{"start":{"line":361,"column":12},"end":{"line":362,"column":58}},"201":{"start":{"line":361,"column":62},"end":{"line":361,"column":97}},"202":{"start":{"line":362,"column":19},"end":{"line":362,"column":56}},"203":{"start":{"line":363,"column":12},"end":{"line":365,"column":15}},"204":{"start":{"line":367,"column":12},"end":{"line":367,"column":174}},"205":{"start":{"line":369,"column":8},"end":{"line":369,"column":136}},"206":{"start":{"line":371,"column":8},"end":{"line":371,"column":58}},"207":{"start":{"line":372,"column":8},"end":{"line":372,"column":94}},"208":{"start":{"line":376,"column":0},"end":{"line":401,"column":3}},"209":{"start":{"line":377,"column":32},"end":{"line":377,"column":42}},"210":{"start":{"line":378,"column":4},"end":{"line":400,"column":5}},"211":{"start":{"line":379,"column":22},"end":{"line":379,"column":150}},"212":{"start":{"line":380,"column":8},"end":{"line":380,"column":78}},"213":{"start":{"line":380,"column":20},"end":{"line":380,"column":78}},"214":{"start":{"line":382,"column":20},"end":{"line":382,"column":30}},"215":{"start":{"line":384,"column":8},"end":{"line":386,"column":79}},"216":{"start":{"line":385,"column":12},"end":{"line":385,"column":39}},"217":{"start":{"line":385,"column":40},"end":{"line":385,"column":89}},"218":{"start":{"line":385,"column":90},"end":{"line":385,"column":122}},"219":{"start":{"line":386,"column":17},"end":{"line":386,"column":77}},"220":{"start":{"line":388,"column":21},"end":{"line":388,"column":204}},"221":{"start":{"line":389,"column":24},"end":{"line":389,"column":182}},"222":{"start":{"line":391,"column":8},"end":{"line":396,"column":11}},"223":{"start":{"line":398,"column":8},"end":{"line":398,"column":63}},"224":{"start":{"line":399,"column":8},"end":{"line":399,"column":98}},"225":{"start":{"line":403,"column":0},"end":{"line":419,"column":3}},"226":{"start":{"line":404,"column":27},"end":{"line":404,"column":62}},"227":{"start":{"line":405,"column":21},"end":{"line":405,"column":29}},"228":{"start":{"line":406,"column":4},"end":{"line":418,"column":5}},"229":{"start":{"line":407,"column":29},"end":{"line":407,"column":114}},"230":{"start":{"line":408,"column":8},"end":{"line":408,"column":92}},"231":{"start":{"line":408,"column":27},"end":{"line":408,"column":92}},"232":{"start":{"line":409,"column":8},"end":{"line":409,"column":128}},"233":{"start":{"line":409,"column":44},"end":{"line":409,"column":128}},"234":{"start":{"line":410,"column":24},"end":{"line":413,"column":10}},"235":{"start":{"line":414,"column":8},"end":{"line":414,"column":26}},"236":{"start":{"line":416,"column":8},"end":{"line":416,"column":61}},"237":{"start":{"line":417,"column":8},"end":{"line":417,"column":71}},"238":{"start":{"line":421,"column":0},"end":{"line":441,"column":3}},"239":{"start":{"line":422,"column":31},"end":{"line":422,"column":39}},"240":{"start":{"line":423,"column":4},"end":{"line":425,"column":5}},"241":{"start":{"line":424,"column":8},"end":{"line":424,"column":106}},"242":{"start":{"line":426,"column":4},"end":{"line":440,"column":5}},"243":{"start":{"line":427,"column":21},"end":{"line":427,"column":72}},"244":{"start":{"line":428,"column":8},"end":{"line":428,"column":125}},"245":{"start":{"line":428,"column":19},"end":{"line":428,"column":125}},"246":{"start":{"line":429,"column":27},"end":{"line":429,"column":129}},"247":{"start":{"line":430,"column":8},"end":{"line":430,"column":142}},"248":{"start":{"line":430,"column":25},"end":{"line":430,"column":142}},"249":{"start":{"line":431,"column":8},"end":{"line":431,"column":135}},"250":{"start":{"line":432,"column":34},"end":{"line":432,"column":154}},"251":{"start":{"line":433,"column":8},"end":{"line":436,"column":11}},"252":{"start":{"line":438,"column":8},"end":{"line":438,"column":59}},"253":{"start":{"line":439,"column":8},"end":{"line":439,"column":94}},"254":{"start":{"line":445,"column":0},"end":{"line":457,"column":3}},"255":{"start":{"line":446,"column":24},"end":{"line":446,"column":34}},"256":{"start":{"line":447,"column":4},"end":{"line":456,"column":5}},"257":{"start":{"line":448,"column":24},"end":{"line":451,"column":10}},"258":{"start":{"line":452,"column":8},"end":{"line":452,"column":26}},"259":{"start":{"line":454,"column":8},"end":{"line":454,"column":56}},"260":{"start":{"line":455,"column":8},"end":{"line":455,"column":91}},"261":{"start":{"line":459,"column":0},"end":{"line":484,"column":3}},"262":{"start":{"line":460,"column":80},"end":{"line":460,"column":88}},"263":{"start":{"line":461,"column":24},"end":{"line":461,"column":39}},"264":{"start":{"line":462,"column":4},"end":{"line":464,"column":5}},"265":{"start":{"line":463,"column":8},"end":{"line":463,"column":137}},"266":{"start":{"line":465,"column":4},"end":{"line":483,"column":5}},"267":{"start":{"line":466,"column":22},"end":{"line":466,"column":95}},"268":{"start":{"line":467,"column":8},"end":{"line":467,"column":78}},"269":{"start":{"line":467,"column":20},"end":{"line":467,"column":78}},"270":{"start":{"line":468,"column":36},"end":{"line":468,"column":167}},"271":{"start":{"line":469,"column":8},"end":{"line":469,"column":122}},"272":{"start":{"line":469,"column":34},"end":{"line":469,"column":122}},"273":{"start":{"line":470,"column":36},"end":{"line":470,"column":148}},"274":{"start":{"line":471,"column":8},"end":{"line":471,"column":116}},"275":{"start":{"line":471,"column":34},"end":{"line":471,"column":116}},"276":{"start":{"line":472,"column":31},"end":{"line":472,"column":181}},"277":{"start":{"line":473,"column":8},"end":{"line":473,"column":131}},"278":{"start":{"line":473,"column":28},"end":{"line":473,"column":131}},"279":{"start":{"line":474,"column":31},"end":{"line":474,"column":107}},"280":{"start":{"line":475,"column":23},"end":{"line":478,"column":10}},"281":{"start":{"line":479,"column":8},"end":{"line":479,"column":83}},"282":{"start":{"line":481,"column":8},"end":{"line":481,"column":57}},"283":{"start":{"line":482,"column":8},"end":{"line":482,"column":93}},"284":{"start":{"line":486,"column":0},"end":{"line":503,"column":3}},"285":{"start":{"line":487,"column":25},"end":{"line":487,"column":35}},"286":{"start":{"line":488,"column":23},"end":{"line":488,"column":31}},"287":{"start":{"line":489,"column":26},"end":{"line":489,"column":52}},"288":{"start":{"line":490,"column":4},"end":{"line":492,"column":5}},"289":{"start":{"line":491,"column":8},"end":{"line":491,"column":101}},"290":{"start":{"line":493,"column":4},"end":{"line":502,"column":5}},"291":{"start":{"line":494,"column":23},"end":{"line":494,"column":98}},"292":{"start":{"line":495,"column":8},"end":{"line":495,"column":80}},"293":{"start":{"line":495,"column":21},"end":{"line":495,"column":80}},"294":{"start":{"line":496,"column":8},"end":{"line":496,"column":113}},"295":{"start":{"line":496,"column":43},"end":{"line":496,"column":113}},"296":{"start":{"line":497,"column":24},"end":{"line":497,"column":170}},"297":{"start":{"line":498,"column":8},"end":{"line":498,"column":77}},"298":{"start":{"line":500,"column":8},"end":{"line":500,"column":55}},"299":{"start":{"line":501,"column":8},"end":{"line":501,"column":91}},"300":{"start":{"line":508,"column":0},"end":{"line":528,"column":3}},"301":{"start":{"line":509,"column":51},"end":{"line":509,"column":59}},"302":{"start":{"line":510,"column":24},"end":{"line":510,"column":39}},"303":{"start":{"line":512,"column":4},"end":{"line":527,"column":5}},"304":{"start":{"line":513,"column":24},"end":{"line":522,"column":10}},"305":{"start":{"line":523,"column":8},"end":{"line":523,"column":85}},"306":{"start":{"line":525,"column":8},"end":{"line":525,"column":58}},"307":{"start":{"line":526,"column":8},"end":{"line":526,"column":94}},"308":{"start":{"line":531,"column":0},"end":{"line":603,"column":2}},"309":{"start":{"line":532,"column":24},"end":{"line":532,"column":34}},"310":{"start":{"line":533,"column":25},"end":{"line":533,"column":34}},"311":{"start":{"line":536,"column":4},"end":{"line":602,"column":5}},"312":{"start":{"line":537,"column":27},"end":{"line":539,"column":10}},"313":{"start":{"line":540,"column":8},"end":{"line":542,"column":9}},"314":{"start":{"line":541,"column":12},"end":{"line":541,"column":94}},"315":{"start":{"line":544,"column":22},"end":{"line":547,"column":10}},"316":{"start":{"line":548,"column":8},"end":{"line":548,"column":78}},"317":{"start":{"line":548,"column":20},"end":{"line":548,"column":78}},"318":{"start":{"line":550,"column":24},"end":{"line":553,"column":10}},"319":{"start":{"line":555,"column":28},"end":{"line":560,"column":9}},"320":{"start":{"line":562,"column":30},"end":{"line":562,"column":89}},"321":{"start":{"line":564,"column":28},"end":{"line":583,"column":10}},"322":{"start":{"line":565,"column":40},"end":{"line":565,"column":101}},"323":{"start":{"line":565,"column":66},"end":{"line":565,"column":100}},"324":{"start":{"line":566,"column":25},"end":{"line":566,"column":84}},"325":{"start":{"line":566,"column":57},"end":{"line":566,"column":76}},"326":{"start":{"line":567,"column":27},"end":{"line":567,"column":88}},"327":{"start":{"line":567,"column":59},"end":{"line":567,"column":80}},"328":{"start":{"line":568,"column":28},"end":{"line":568,"column":90}},"329":{"start":{"line":568,"column":60},"end":{"line":568,"column":82}},"330":{"start":{"line":569,"column":26},"end":{"line":569,"column":57}},"331":{"start":{"line":570,"column":35},"end":{"line":570,"column":67}},"332":{"start":{"line":572,"column":25},"end":{"line":572,"column":36}},"333":{"start":{"line":573,"column":12},"end":{"line":574,"column":62}},"334":{"start":{"line":573,"column":37},"end":{"line":573,"column":59}},"335":{"start":{"line":574,"column":17},"end":{"line":574,"column":62}},"336":{"start":{"line":574,"column":43},"end":{"line":574,"column":62}},"337":{"start":{"line":576,"column":12},"end":{"line":582,"column":14}},"338":{"start":{"line":585,"column":30},"end":{"line":585,"column":44}},"339":{"start":{"line":586,"column":26},"end":{"line":586,"column":82}},"340":{"start":{"line":586,"column":50},"end":{"line":586,"column":74}},"341":{"start":{"line":587,"column":36},"end":{"line":587,"column":81}},"342":{"start":{"line":589,"column":8},"end":{"line":597,"column":11}},"343":{"start":{"line":600,"column":8},"end":{"line":600,"column":68}},"344":{"start":{"line":601,"column":8},"end":{"line":601,"column":104}},"345":{"start":{"line":605,"column":0},"end":{"line":607,"column":3}},"346":{"start":{"line":606,"column":4},"end":{"line":606,"column":80}},"347":{"start":{"line":611,"column":0},"end":{"line":617,"column":1}},"348":{"start":{"line":612,"column":17},"end":{"line":612,"column":41}},"349":{"start":{"line":613,"column":4},"end":{"line":616,"column":7}},"350":{"start":{"line":614,"column":8},"end":{"line":614,"column":69}},"351":{"start":{"line":615,"column":8},"end":{"line":615,"column":87}},"352":{"start":{"line":619,"column":0},"end":{"line":619,"column":21}}},"fnMap":{"0":{"name":"generateUniqueToken","decl":{"start":{"line":27,"column":9},"end":{"line":27,"column":28}},"loc":{"start":{"line":27,"column":31},"end":{"line":29,"column":1}},"line":27},"1":{"name":"(anonymous_1)","decl":{"start":{"line":31,"column":19},"end":{"line":31,"column":20}},"loc":{"start":{"line":31,"column":33},"end":{"line":38,"column":1}},"line":31},"2":{"name":"(anonymous_2)","decl":{"start":{"line":40,"column":19},"end":{"line":40,"column":20}},"loc":{"start":{"line":40,"column":33},"end":{"line":52,"column":1}},"line":40},"3":{"name":"(anonymous_3)","decl":{"start":{"line":56,"column":37},"end":{"line":56,"column":38}},"loc":{"start":{"line":56,"column":51},"end":{"line":58,"column":1}},"line":56},"4":{"name":"(anonymous_4)","decl":{"start":{"line":60,"column":22},"end":{"line":60,"column":23}},"loc":{"start":{"line":60,"column":42},"end":{"line":67,"column":1}},"line":60},"5":{"name":"(anonymous_5)","decl":{"start":{"line":69,"column":23},"end":{"line":69,"column":24}},"loc":{"start":{"line":69,"column":43},"end":{"line":76,"column":1}},"line":69},"6":{"name":"calculateDueDate","decl":{"start":{"line":78,"column":9},"end":{"line":78,"column":25}},"loc":{"start":{"line":78,"column":48},"end":{"line":86,"column":1}},"line":78},"7":{"name":"createContributionForNewMember","decl":{"start":{"line":88,"column":15},"end":{"line":88,"column":45}},"loc":{"start":{"line":88,"column":69},"end":{"line":117,"column":1}},"line":88},"8":{"name":"(anonymous_8)","decl":{"start":{"line":119,"column":24},"end":{"line":119,"column":25}},"loc":{"start":{"line":119,"column":44},"end":{"line":141,"column":1}},"line":119},"9":{"name":"(anonymous_9)","decl":{"start":{"line":122,"column":49},"end":{"line":122,"column":50}},"loc":{"start":{"line":122,"column":67},"end":{"line":135,"column":9}},"line":122},"10":{"name":"(anonymous_10)","decl":{"start":{"line":143,"column":39},"end":{"line":143,"column":40}},"loc":{"start":{"line":143,"column":59},"end":{"line":174,"column":1}},"line":143},"11":{"name":"(anonymous_11)","decl":{"start":{"line":150,"column":65},"end":{"line":150,"column":66}},"loc":{"start":{"line":150,"column":87},"end":{"line":168,"column":9}},"line":150},"12":{"name":"(anonymous_12)","decl":{"start":{"line":156,"column":45},"end":{"line":156,"column":46}},"loc":{"start":{"line":156,"column":56},"end":{"line":159,"column":13}},"line":156},"13":{"name":"(anonymous_13)","decl":{"start":{"line":176,"column":35},"end":{"line":176,"column":36}},"loc":{"start":{"line":176,"column":55},"end":{"line":204,"column":1}},"line":176},"14":{"name":"(anonymous_14)","decl":{"start":{"line":207,"column":31},"end":{"line":207,"column":32}},"loc":{"start":{"line":207,"column":51},"end":{"line":245,"column":1}},"line":207},"15":{"name":"(anonymous_15)","decl":{"start":{"line":247,"column":47},"end":{"line":247,"column":48}},"loc":{"start":{"line":247,"column":67},"end":{"line":259,"column":1}},"line":247},"16":{"name":"(anonymous_16)","decl":{"start":{"line":261,"column":51},"end":{"line":261,"column":52}},"loc":{"start":{"line":261,"column":71},"end":{"line":316,"column":1}},"line":261},"17":{"name":"(anonymous_17)","decl":{"start":{"line":284,"column":30},"end":{"line":284,"column":31}},"loc":{"start":{"line":284,"column":41},"end":{"line":284,"column":87}},"line":284},"18":{"name":"(anonymous_18)","decl":{"start":{"line":286,"column":46},"end":{"line":286,"column":47}},"loc":{"start":{"line":286,"column":56},"end":{"line":300,"column":9}},"line":286},"19":{"name":"(anonymous_19)","decl":{"start":{"line":306,"column":47},"end":{"line":306,"column":48}},"loc":{"start":{"line":306,"column":52},"end":{"line":306,"column":83}},"line":306},"20":{"name":"(anonymous_20)","decl":{"start":{"line":307,"column":50},"end":{"line":307,"column":51}},"loc":{"start":{"line":307,"column":55},"end":{"line":307,"column":89}},"line":307},"21":{"name":"(anonymous_21)","decl":{"start":{"line":308,"column":50},"end":{"line":308,"column":51}},"loc":{"start":{"line":308,"column":55},"end":{"line":308,"column":90}},"line":308},"22":{"name":"(anonymous_22)","decl":{"start":{"line":309,"column":49},"end":{"line":309,"column":50}},"loc":{"start":{"line":309,"column":54},"end":{"line":309,"column":87}},"line":309},"23":{"name":"(anonymous_23)","decl":{"start":{"line":318,"column":53},"end":{"line":318,"column":54}},"loc":{"start":{"line":318,"column":73},"end":{"line":331,"column":1}},"line":318},"24":{"name":"(anonymous_24)","decl":{"start":{"line":333,"column":35},"end":{"line":333,"column":36}},"loc":{"start":{"line":333,"column":55},"end":{"line":374,"column":1}},"line":333},"25":{"name":"(anonymous_25)","decl":{"start":{"line":376,"column":49},"end":{"line":376,"column":50}},"loc":{"start":{"line":376,"column":69},"end":{"line":401,"column":1}},"line":376},"26":{"name":"(anonymous_26)","decl":{"start":{"line":403,"column":60},"end":{"line":403,"column":61}},"loc":{"start":{"line":403,"column":80},"end":{"line":419,"column":1}},"line":403},"27":{"name":"(anonymous_27)","decl":{"start":{"line":421,"column":41},"end":{"line":421,"column":42}},"loc":{"start":{"line":421,"column":61},"end":{"line":441,"column":1}},"line":421},"28":{"name":"(anonymous_28)","decl":{"start":{"line":445,"column":52},"end":{"line":445,"column":53}},"loc":{"start":{"line":445,"column":72},"end":{"line":457,"column":1}},"line":445},"29":{"name":"(anonymous_29)","decl":{"start":{"line":459,"column":38},"end":{"line":459,"column":39}},"loc":{"start":{"line":459,"column":58},"end":{"line":484,"column":1}},"line":459},"30":{"name":"(anonymous_30)","decl":{"start":{"line":486,"column":49},"end":{"line":486,"column":50}},"loc":{"start":{"line":486,"column":69},"end":{"line":503,"column":1}},"line":486},"31":{"name":"(anonymous_31)","decl":{"start":{"line":508,"column":39},"end":{"line":508,"column":40}},"loc":{"start":{"line":508,"column":59},"end":{"line":528,"column":1}},"line":508},"32":{"name":"(anonymous_32)","decl":{"start":{"line":531,"column":63},"end":{"line":531,"column":64}},"loc":{"start":{"line":531,"column":81},"end":{"line":603,"column":1}},"line":531},"33":{"name":"(anonymous_33)","decl":{"start":{"line":564,"column":40},"end":{"line":564,"column":41}},"loc":{"start":{"line":564,"column":50},"end":{"line":583,"column":9}},"line":564},"34":{"name":"(anonymous_34)","decl":{"start":{"line":565,"column":61},"end":{"line":565,"column":62}},"loc":{"start":{"line":565,"column":66},"end":{"line":565,"column":100}},"line":565},"35":{"name":"(anonymous_35)","decl":{"start":{"line":566,"column":52},"end":{"line":566,"column":53}},"loc":{"start":{"line":566,"column":57},"end":{"line":566,"column":76}},"line":566},"36":{"name":"(anonymous_36)","decl":{"start":{"line":567,"column":54},"end":{"line":567,"column":55}},"loc":{"start":{"line":567,"column":59},"end":{"line":567,"column":80}},"line":567},"37":{"name":"(anonymous_37)","decl":{"start":{"line":568,"column":55},"end":{"line":568,"column":56}},"loc":{"start":{"line":568,"column":60},"end":{"line":568,"column":82}},"line":568},"38":{"name":"(anonymous_38)","decl":{"start":{"line":586,"column":45},"end":{"line":586,"column":46}},"loc":{"start":{"line":586,"column":50},"end":{"line":586,"column":74}},"line":586},"39":{"name":"(anonymous_39)","decl":{"start":{"line":605,"column":14},"end":{"line":605,"column":15}},"loc":{"start":{"line":605,"column":28},"end":{"line":607,"column":1}},"line":605},"40":{"name":"(anonymous_40)","decl":{"start":{"line":613,"column":21},"end":{"line":613,"column":22}},"loc":{"start":{"line":613,"column":27},"end":{"line":616,"column":5}},"line":613}},"branchMap":{"0":{"loc":{"start":{"line":47,"column":26},"end":{"line":47,"column":63}},"type":"binary-expr","locations":[{"start":{"line":47,"column":26},"end":{"line":47,"column":46}},{"start":{"line":47,"column":50},"end":{"line":47,"column":63}}],"line":47},"1":{"loc":{"start":{"line":80,"column":4},"end":{"line":84,"column":5}},"type":"if","locations":[{"start":{"line":80,"column":4},"end":{"line":84,"column":5}},{"start":{"line":82,"column":11},"end":{"line":84,"column":5}}],"line":80},"2":{"loc":{"start":{"line":82,"column":11},"end":{"line":84,"column":5}},"type":"if","locations":[{"start":{"line":82,"column":11},"end":{"line":84,"column":5}},{"start":{},"end":{}}],"line":82},"3":{"loc":{"start":{"line":94,"column":8},"end":{"line":94,"column":96}},"type":"if","locations":[{"start":{"line":94,"column":8},"end":{"line":94,"column":96}},{"start":{},"end":{}}],"line":94},"4":{"loc":{"start":{"line":98,"column":8},"end":{"line":102,"column":9}},"type":"if","locations":[{"start":{"line":98,"column":8},"end":{"line":102,"column":9}},{"start":{"line":100,"column":15},"end":{"line":102,"column":9}}],"line":98},"5":{"loc":{"start":{"line":100,"column":15},"end":{"line":102,"column":9}},"type":"if","locations":[{"start":{"line":100,"column":15},"end":{"line":102,"column":9}},{"start":{},"end":{}}],"line":100},"6":{"loc":{"start":{"line":178,"column":4},"end":{"line":180,"column":5}},"type":"if","locations":[{"start":{"line":178,"column":4},"end":{"line":180,"column":5}},{"start":{},"end":{}}],"line":178},"7":{"loc":{"start":{"line":178,"column":8},"end":{"line":178,"column":26}},"type":"binary-expr","locations":[{"start":{"line":178,"column":8},"end":{"line":178,"column":14}},{"start":{"line":178,"column":18},"end":{"line":178,"column":26}}],"line":178},"8":{"loc":{"start":{"line":183,"column":8},"end":{"line":183,"column":125}},"type":"if","locations":[{"start":{"line":183,"column":8},"end":{"line":183,"column":125}},{"start":{},"end":{}}],"line":183},"9":{"loc":{"start":{"line":188,"column":8},"end":{"line":188,"column":112}},"type":"if","locations":[{"start":{"line":188,"column":8},"end":{"line":188,"column":112}},{"start":{},"end":{}}],"line":188},"10":{"loc":{"start":{"line":209,"column":4},"end":{"line":211,"column":5}},"type":"if","locations":[{"start":{"line":209,"column":4},"end":{"line":211,"column":5}},{"start":{},"end":{}}],"line":209},"11":{"loc":{"start":{"line":209,"column":8},"end":{"line":209,"column":65}},"type":"binary-expr","locations":[{"start":{"line":209,"column":8},"end":{"line":209,"column":15}},{"start":{"line":209,"column":19},"end":{"line":209,"column":27}},{"start":{"line":209,"column":31},"end":{"line":209,"column":38}},{"start":{"line":209,"column":42},"end":{"line":209,"column":54}},{"start":{"line":209,"column":58},"end":{"line":209,"column":65}}],"line":209},"12":{"loc":{"start":{"line":214,"column":8},"end":{"line":214,"column":78}},"type":"if","locations":[{"start":{"line":214,"column":8},"end":{"line":214,"column":78}},{"start":{},"end":{}}],"line":214},"13":{"loc":{"start":{"line":215,"column":8},"end":{"line":217,"column":9}},"type":"if","locations":[{"start":{"line":215,"column":8},"end":{"line":217,"column":9}},{"start":{},"end":{}}],"line":215},"14":{"loc":{"start":{"line":222,"column":8},"end":{"line":239,"column":9}},"type":"if","locations":[{"start":{"line":222,"column":8},"end":{"line":239,"column":9}},{"start":{"line":234,"column":15},"end":{"line":239,"column":9}}],"line":222},"15":{"loc":{"start":{"line":224,"column":12},"end":{"line":225,"column":62}},"type":"if","locations":[{"start":{"line":224,"column":12},"end":{"line":225,"column":62}},{"start":{"line":225,"column":17},"end":{"line":225,"column":62}}],"line":224},"16":{"loc":{"start":{"line":265,"column":8},"end":{"line":265,"column":78}},"type":"if","locations":[{"start":{"line":265,"column":8},"end":{"line":265,"column":78}},{"start":{},"end":{}}],"line":265},"17":{"loc":{"start":{"line":274,"column":8},"end":{"line":280,"column":9}},"type":"if","locations":[{"start":{"line":274,"column":8},"end":{"line":280,"column":9}},{"start":{"line":277,"column":15},"end":{"line":280,"column":9}}],"line":274},"18":{"loc":{"start":{"line":289,"column":12},"end":{"line":297,"column":13}},"type":"if","locations":[{"start":{"line":289,"column":12},"end":{"line":297,"column":13}},{"start":{"line":292,"column":19},"end":{"line":297,"column":13}}],"line":289},"19":{"loc":{"start":{"line":294,"column":16},"end":{"line":295,"column":86}},"type":"if","locations":[{"start":{"line":294,"column":16},"end":{"line":295,"column":86}},{"start":{"line":295,"column":21},"end":{"line":295,"column":86}}],"line":294},"20":{"loc":{"start":{"line":298,"column":12},"end":{"line":298,"column":125}},"type":"if","locations":[{"start":{"line":298,"column":12},"end":{"line":298,"column":125}},{"start":{},"end":{}}],"line":298},"21":{"loc":{"start":{"line":298,"column":16},"end":{"line":298,"column":101}},"type":"binary-expr","locations":[{"start":{"line":298,"column":17},"end":{"line":298,"column":38}},{"start":{"line":298,"column":42},"end":{"line":298,"column":62}},{"start":{"line":298,"column":67},"end":{"line":298,"column":74}},{"start":{"line":298,"column":78},"end":{"line":298,"column":101}}],"line":298},"22":{"loc":{"start":{"line":335,"column":4},"end":{"line":337,"column":5}},"type":"if","locations":[{"start":{"line":335,"column":4},"end":{"line":337,"column":5}},{"start":{},"end":{}}],"line":335},"23":{"loc":{"start":{"line":335,"column":8},"end":{"line":335,"column":54}},"type":"binary-expr","locations":[{"start":{"line":335,"column":8},"end":{"line":335,"column":15}},{"start":{"line":335,"column":19},"end":{"line":335,"column":27}},{"start":{"line":335,"column":31},"end":{"line":335,"column":38}},{"start":{"line":335,"column":42},"end":{"line":335,"column":54}}],"line":335},"24":{"loc":{"start":{"line":341,"column":8},"end":{"line":341,"column":78}},"type":"if","locations":[{"start":{"line":341,"column":8},"end":{"line":341,"column":78}},{"start":{},"end":{}}],"line":341},"25":{"loc":{"start":{"line":342,"column":8},"end":{"line":344,"column":9}},"type":"if","locations":[{"start":{"line":342,"column":8},"end":{"line":344,"column":9}},{"start":{},"end":{}}],"line":342},"26":{"loc":{"start":{"line":348,"column":8},"end":{"line":350,"column":79}},"type":"if","locations":[{"start":{"line":348,"column":8},"end":{"line":350,"column":79}},{"start":{"line":350,"column":15},"end":{"line":350,"column":79}}],"line":348},"27":{"loc":{"start":{"line":353,"column":8},"end":{"line":353,"column":108}},"type":"if","locations":[{"start":{"line":353,"column":8},"end":{"line":353,"column":108}},{"start":{},"end":{}}],"line":353},"28":{"loc":{"start":{"line":356,"column":8},"end":{"line":356,"column":121}},"type":"if","locations":[{"start":{"line":356,"column":8},"end":{"line":356,"column":121}},{"start":{},"end":{}}],"line":356},"29":{"loc":{"start":{"line":359,"column":8},"end":{"line":368,"column":9}},"type":"if","locations":[{"start":{"line":359,"column":8},"end":{"line":368,"column":9}},{"start":{"line":366,"column":15},"end":{"line":368,"column":9}}],"line":359},"30":{"loc":{"start":{"line":361,"column":12},"end":{"line":362,"column":58}},"type":"if","locations":[{"start":{"line":361,"column":12},"end":{"line":362,"column":58}},{"start":{"line":362,"column":17},"end":{"line":362,"column":58}}],"line":361},"31":{"loc":{"start":{"line":380,"column":8},"end":{"line":380,"column":78}},"type":"if","locations":[{"start":{"line":380,"column":8},"end":{"line":380,"column":78}},{"start":{},"end":{}}],"line":380},"32":{"loc":{"start":{"line":384,"column":8},"end":{"line":386,"column":79}},"type":"if","locations":[{"start":{"line":384,"column":8},"end":{"line":386,"column":79}},{"start":{"line":386,"column":15},"end":{"line":386,"column":79}}],"line":384},"33":{"loc":{"start":{"line":394,"column":25},"end":{"line":394,"column":110}},"type":"cond-expr","locations":[{"start":{"line":394,"column":32},"end":{"line":394,"column":103}},{"start":{"line":394,"column":106},"end":{"line":394,"column":110}}],"line":394},"34":{"loc":{"start":{"line":395,"column":28},"end":{"line":395,"column":127}},"type":"cond-expr","locations":[{"start":{"line":395,"column":38},"end":{"line":395,"column":120}},{"start":{"line":395,"column":123},"end":{"line":395,"column":127}}],"line":395},"35":{"loc":{"start":{"line":408,"column":8},"end":{"line":408,"column":92}},"type":"if","locations":[{"start":{"line":408,"column":8},"end":{"line":408,"column":92}},{"start":{},"end":{}}],"line":408},"36":{"loc":{"start":{"line":409,"column":8},"end":{"line":409,"column":128}},"type":"if","locations":[{"start":{"line":409,"column":8},"end":{"line":409,"column":128}},{"start":{},"end":{}}],"line":409},"37":{"loc":{"start":{"line":412,"column":44},"end":{"line":412,"column":102}},"type":"binary-expr","locations":[{"start":{"line":412,"column":44},"end":{"line":412,"column":48}},{"start":{"line":412,"column":52},"end":{"line":412,"column":102}}],"line":412},"38":{"loc":{"start":{"line":423,"column":4},"end":{"line":425,"column":5}},"type":"if","locations":[{"start":{"line":423,"column":4},"end":{"line":425,"column":5}},{"start":{},"end":{}}],"line":423},"39":{"loc":{"start":{"line":423,"column":8},"end":{"line":423,"column":26}},"type":"binary-expr","locations":[{"start":{"line":423,"column":8},"end":{"line":423,"column":14}},{"start":{"line":423,"column":18},"end":{"line":423,"column":26}}],"line":423},"40":{"loc":{"start":{"line":428,"column":8},"end":{"line":428,"column":125}},"type":"if","locations":[{"start":{"line":428,"column":8},"end":{"line":428,"column":125}},{"start":{},"end":{}}],"line":428},"41":{"loc":{"start":{"line":430,"column":8},"end":{"line":430,"column":142}},"type":"if","locations":[{"start":{"line":430,"column":8},"end":{"line":430,"column":142}},{"start":{},"end":{}}],"line":430},"42":{"loc":{"start":{"line":435,"column":105},"end":{"line":435,"column":143}},"type":"binary-expr","locations":[{"start":{"line":435,"column":105},"end":{"line":435,"column":128}},{"start":{"line":435,"column":132},"end":{"line":435,"column":143}}],"line":435},"43":{"loc":{"start":{"line":462,"column":4},"end":{"line":464,"column":5}},"type":"if","locations":[{"start":{"line":462,"column":4},"end":{"line":464,"column":5}},{"start":{},"end":{}}],"line":462},"44":{"loc":{"start":{"line":462,"column":8},"end":{"line":462,"column":59}},"type":"binary-expr","locations":[{"start":{"line":462,"column":8},"end":{"line":462,"column":16}},{"start":{"line":462,"column":20},"end":{"line":462,"column":32}},{"start":{"line":462,"column":36},"end":{"line":462,"column":43}},{"start":{"line":462,"column":47},"end":{"line":462,"column":59}}],"line":462},"45":{"loc":{"start":{"line":467,"column":8},"end":{"line":467,"column":78}},"type":"if","locations":[{"start":{"line":467,"column":8},"end":{"line":467,"column":78}},{"start":{},"end":{}}],"line":467},"46":{"loc":{"start":{"line":469,"column":8},"end":{"line":469,"column":122}},"type":"if","locations":[{"start":{"line":469,"column":8},"end":{"line":469,"column":122}},{"start":{},"end":{}}],"line":469},"47":{"loc":{"start":{"line":471,"column":8},"end":{"line":471,"column":116}},"type":"if","locations":[{"start":{"line":471,"column":8},"end":{"line":471,"column":116}},{"start":{},"end":{}}],"line":471},"48":{"loc":{"start":{"line":473,"column":8},"end":{"line":473,"column":131}},"type":"if","locations":[{"start":{"line":473,"column":8},"end":{"line":473,"column":131}},{"start":{},"end":{}}],"line":473},"49":{"loc":{"start":{"line":476,"column":170},"end":{"line":476,"column":183}},"type":"binary-expr","locations":[{"start":{"line":476,"column":170},"end":{"line":476,"column":175}},{"start":{"line":476,"column":179},"end":{"line":476,"column":183}}],"line":476},"50":{"loc":{"start":{"line":490,"column":4},"end":{"line":492,"column":5}},"type":"if","locations":[{"start":{"line":490,"column":4},"end":{"line":492,"column":5}},{"start":{},"end":{}}],"line":490},"51":{"loc":{"start":{"line":495,"column":8},"end":{"line":495,"column":80}},"type":"if","locations":[{"start":{"line":495,"column":8},"end":{"line":495,"column":80}},{"start":{},"end":{}}],"line":495},"52":{"loc":{"start":{"line":496,"column":8},"end":{"line":496,"column":113}},"type":"if","locations":[{"start":{"line":496,"column":8},"end":{"line":496,"column":113}},{"start":{},"end":{}}],"line":496},"53":{"loc":{"start":{"line":497,"column":123},"end":{"line":497,"column":165}},"type":"cond-expr","locations":[{"start":{"line":497,"column":148},"end":{"line":497,"column":158}},{"start":{"line":497,"column":161},"end":{"line":497,"column":165}}],"line":497},"54":{"loc":{"start":{"line":540,"column":8},"end":{"line":542,"column":9}},"type":"if","locations":[{"start":{"line":540,"column":8},"end":{"line":542,"column":9}},{"start":{},"end":{}}],"line":540},"55":{"loc":{"start":{"line":540,"column":12},"end":{"line":540,"column":54}},"type":"binary-expr","locations":[{"start":{"line":540,"column":12},"end":{"line":540,"column":23}},{"start":{"line":540,"column":27},"end":{"line":540,"column":54}}],"line":540},"56":{"loc":{"start":{"line":548,"column":8},"end":{"line":548,"column":78}},"type":"if","locations":[{"start":{"line":548,"column":8},"end":{"line":548,"column":78}},{"start":{},"end":{}}],"line":548},"57":{"loc":{"start":{"line":557,"column":16},"end":{"line":559,"column":13}},"type":"binary-expr","locations":[{"start":{"line":557,"column":16},"end":{"line":557,"column":20}},{"start":{"line":557,"column":24},"end":{"line":557,"column":26}},{"start":{"line":557,"column":30},"end":{"line":559,"column":13}}],"line":557},"58":{"loc":{"start":{"line":569,"column":26},"end":{"line":569,"column":57}},"type":"binary-expr","locations":[{"start":{"line":569,"column":26},"end":{"line":569,"column":52}},{"start":{"line":569,"column":56},"end":{"line":569,"column":57}}],"line":569},"59":{"loc":{"start":{"line":573,"column":12},"end":{"line":574,"column":62}},"type":"if","locations":[{"start":{"line":573,"column":12},"end":{"line":574,"column":62}},{"start":{"line":574,"column":17},"end":{"line":574,"column":62}}],"line":573},"60":{"loc":{"start":{"line":574,"column":17},"end":{"line":574,"column":62}},"type":"if","locations":[{"start":{"line":574,"column":17},"end":{"line":574,"column":62}},{"start":{},"end":{}}],"line":574},"61":{"loc":{"start":{"line":592,"column":28},"end":{"line":592,"column":40}},"type":"binary-expr","locations":[{"start":{"line":592,"column":28},"end":{"line":592,"column":32}},{"start":{"line":592,"column":36},"end":{"line":592,"column":40}}],"line":592},"62":{"loc":{"start":{"line":592,"column":46},"end":{"line":592,"column":56}},"type":"binary-expr","locations":[{"start":{"line":592,"column":46},"end":{"line":592,"column":48}},{"start":{"line":592,"column":52},"end":{"line":592,"column":56}}],"line":592},"63":{"loc":{"start":{"line":611,"column":0},"end":{"line":617,"column":1}},"type":"if","locations":[{"start":{"line":611,"column":0},"end":{"line":617,"column":1}},{"start":{},"end":{}}],"line":611},"64":{"loc":{"start":{"line":612,"column":17},"end":{"line":612,"column":41}},"type":"binary-expr","locations":[{"start":{"line":612,"column":17},"end":{"line":612,"column":33}},{"start":{"line":612,"column":37},"end":{"line":612,"column":41}}],"line":612}},"s":{"0":1,"1":1,"2":1,"3":1,"4":1,"5":1,"6":1,"7":1,"8":1,"9":1,"10":1,"11":1,"12":0,"13":1,"14":1,"15":1,"16":0,"17":1,"18":1,"19":0,"20":1,"21":0,"22":0,"23":0,"24":0,"25":1,"26":2,"27":2,"28":1,"29":1,"30":0,"31":0,"32":0,"33":0,"34":0,"35":0,"36":1,"37":1,"38":1,"39":0,"40":0,"41":1,"42":1,"43":1,"44":0,"45":1,"46":1,"47":1,"48":1,"49":1,"50":0,"51":0,"52":1,"53":0,"54":0,"55":0,"56":0,"57":0,"58":0,"59":0,"60":0,"61":0,"62":0,"63":1,"64":0,"65":0,"66":0,"67":0,"68":0,"69":0,"70":0,"71":0,"72":0,"73":0,"74":0,"75":0,"76":1,"77":4,"78":4,"79":1,"80":3,"81":3,"82":3,"83":1,"84":2,"85":2,"86":1,"87":1,"88":1,"89":1,"90":1,"91":0,"92":0,"93":1,"94":1,"95":1,"96":0,"97":1,"98":1,"99":1,"100":0,"101":1,"102":0,"103":1,"104":1,"105":1,"106":1,"107":0,"108":1,"109":1,"110":0,"111":1,"112":0,"113":0,"114":1,"115":1,"116":1,"117":1,"118":1,"119":0,"120":0,"121":1,"122":1,"123":1,"124":1,"125":1,"126":0,"127":1,"128":1,"129":1,"130":0,"131":0,"132":0,"133":0,"134":0,"135":1,"136":1,"137":1,"138":1,"139":1,"140":0,"141":1,"142":1,"143":1,"144":1,"145":1,"146":1,"147":1,"148":0,"149":0,"150":0,"151":0,"152":1,"153":1,"154":0,"155":1,"156":1,"157":1,"158":0,"159":1,"160":1,"161":1,"162":1,"163":1,"164":1,"165":0,"166":0,"167":1,"168":0,"169":0,"170":0,"171":0,"172":0,"173":0,"174":1,"175":1,"176":1,"177":0,"178":1,"179":1,"180":1,"181":1,"182":0,"183":1,"184":0,"185":1,"186":1,"187":0,"188":0,"189":0,"190":1,"191":1,"192":1,"193":0,"194":1,"195":1,"196":0,"197":1,"198":1,"199":1,"200":1,"201":0,"202":1,"203":1,"204":0,"205":1,"206":0,"207":0,"208":1,"209":1,"210":1,"211":1,"212":1,"213":0,"214":1,"215":1,"216":0,"217":0,"218":0,"219":1,"220":1,"221":1,"222":1,"223":0,"224":0,"225":1,"226":0,"227":0,"228":0,"229":0,"230":0,"231":0,"232":0,"233":0,"234":0,"235":0,"236":0,"237":0,"238":1,"239":1,"240":1,"241":0,"242":1,"243":1,"244":1,"245":0,"246":1,"247":1,"248":0,"249":1,"250":1,"251":1,"252":0,"253":0,"254":1,"255":1,"256":1,"257":1,"258":1,"259":0,"260":0,"261":1,"262":0,"263":0,"264":0,"265":0,"266":0,"267":0,"268":0,"269":0,"270":0,"271":0,"272":0,"273":0,"274":0,"275":0,"276":0,"277":0,"278":0,"279":0,"280":0,"281":0,"282":0,"283":0,"284":1,"285":0,"286":0,"287":0,"288":0,"289":0,"290":0,"291":0,"292":0,"293":0,"294":0,"295":0,"296":0,"297":0,"298":0,"299":0,"300":1,"301":1,"302":1,"303":1,"304":1,"305":1,"306":0,"307":0,"308":1,"309":4,"310":4,"311":4,"312":4,"313":4,"314":1,"315":3,"316":2,"317":1,"318":1,"319":1,"320":1,"321":1,"322":2,"323":4,"324":2,"325":2,"326":2,"327":2,"328":2,"329":2,"330":2,"331":2,"332":2,"333":2,"334":1,"335":1,"336":0,"337":2,"338":1,"339":1,"340":2,"341":1,"342":1,"343":1,"344":1,"345":1,"346":0,"347":1,"348":0,"349":0,"350":0,"351":0,"352":1},"f":{"0":0,"1":1,"2":0,"3":0,"4":0,"5":2,"6":0,"7":1,"8":0,"9":0,"10":0,"11":0,"12":0,"13":4,"14":1,"15":1,"16":1,"17":0,"18":1,"19":1,"20":1,"21":1,"22":1,"23":0,"24":1,"25":1,"26":0,"27":1,"28":1,"29":0,"30":0,"31":1,"32":4,"33":2,"34":4,"35":2,"36":2,"37":2,"38":2,"39":0,"40":0},"b":{"0":[0,0],"1":[0,0],"2":[0,0],"3":[0,1],"4":[0,1],"5":[1,0],"6":[1,3],"7":[4,4],"8":[1,2],"9":[1,1],"10":[0,1],"11":[1,1,1,1,1],"12":[0,1],"13":[0,1],"14":[1,0],"15":[0,1],"16":[0,1],"17":[0,1],"18":[0,1],"19":[0,1],"20":[0,1],"21":[1,0,1,1],"22":[0,1],"23":[1,1,1,1],"24":[0,1],"25":[0,1],"26":[0,1],"27":[0,1],"28":[0,1],"29":[1,0],"30":[0,1],"31":[0,1],"32":[0,1],"33":[0,1],"34":[0,1],"35":[0,0],"36":[0,0],"37":[0,0],"38":[0,1],"39":[1,1],"40":[0,1],"41":[0,1],"42":[1,1],"43":[0,0],"44":[0,0,0,0],"45":[0,0],"46":[0,0],"47":[0,0],"48":[0,0],"49":[0,0],"50":[0,0],"51":[0,0],"52":[0,0],"53":[0,0],"54":[1,3],"55":[4,4],"56":[1,1],"57":[1,0,0],"58":[2,0],"59":[1,1],"60":[0,1],"61":[1,1],"62":[1,1],"63":[0,1],"64":[0,0]},"_coverageSchema":"1a1c01bbd47fc00a2c39e90264f33305004495a9","hash":"c5f5fe1a2bee555ec3ab69d9df33461dfa34e026"}
,"/mnt/c/dev/Stokvel/stokvel-management/backend/src/middleware/auth.js": {"path":"/mnt/c/dev/Stokvel/stokvel-management/backend/src/middleware/auth.js","statementMap":{"0":{"start":{"line":1,"column":0},"end":{"line":1,"column":27}},"1":{"start":{"line":2,"column":17},"end":{"line":2,"column":53}},"2":{"start":{"line":3,"column":25},"end":{"line":3,"column":50}},"3":{"start":{"line":5,"column":15},"end":{"line":5,"column":33}},"4":{"start":{"line":7,"column":20},"end":{"line":10,"column":2}},"5":{"start":{"line":42,"column":2},"end":{"line":72,"column":5}},"6":{"start":{"line":43,"column":4},"end":{"line":43,"column":30}},"7":{"start":{"line":43,"column":13},"end":{"line":43,"column":30}},"8":{"start":{"line":45,"column":20},"end":{"line":45,"column":36}},"9":{"start":{"line":48,"column":23},"end":{"line":48,"column":49}},"10":{"start":{"line":49,"column":24},"end":{"line":49,"column":51}},"11":{"start":{"line":51,"column":4},"end":{"line":71,"column":5}},"12":{"start":{"line":52,"column":19},"end":{"line":64,"column":8}},"13":{"start":{"line":66,"column":6},"end":{"line":66,"column":22}},"14":{"start":{"line":67,"column":6},"end":{"line":67,"column":13}},"15":{"start":{"line":69,"column":6},"end":{"line":69,"column":46}},"16":{"start":{"line":70,"column":6},"end":{"line":70,"column":56}},"17":{"start":{"line":75,"column":0},"end":{"line":75,"column":33}}},"fnMap":{"0":{"name":"requireAuth","decl":{"start":{"line":41,"column":9},"end":{"line":41,"column":20}},"loc":{"start":{"line":41,"column":37},"end":{"line":73,"column":1}},"line":41},"1":{"name":"(anonymous_1)","decl":{"start":{"line":42,"column":24},"end":{"line":42,"column":25}},"loc":{"start":{"line":42,"column":39},"end":{"line":72,"column":3}},"line":42}},"branchMap":{"0":{"loc":{"start":{"line":43,"column":4},"end":{"line":43,"column":30}},"type":"if","locations":[{"start":{"line":43,"column":4},"end":{"line":43,"column":30}},{"start":{},"end":{}}],"line":43},"1":{"loc":{"start":{"line":56,"column":18},"end":{"line":56,"column":41}},"type":"binary-expr","locations":[{"start":{"line":56,"column":18},"end":{"line":56,"column":28}},{"start":{"line":56,"column":32},"end":{"line":56,"column":41}}],"line":56},"2":{"loc":{"start":{"line":57,"column":19},"end":{"line":57,"column":43}},"type":"binary-expr","locations":[{"start":{"line":57,"column":19},"end":{"line":57,"column":30}},{"start":{"line":57,"column":34},"end":{"line":57,"column":43}}],"line":57},"3":{"loc":{"start":{"line":61,"column":22},"end":{"line":61,"column":59}},"type":"binary-expr","locations":[{"start":{"line":61,"column":22},"end":{"line":61,"column":33}},{"start":{"line":61,"column":37},"end":{"line":61,"column":59}}],"line":61},"4":{"loc":{"start":{"line":62,"column":22},"end":{"line":62,"column":51}},"type":"binary-expr","locations":[{"start":{"line":62,"column":22},"end":{"line":62,"column":32}},{"start":{"line":62,"column":37},"end":{"line":62,"column":51}}],"line":62}},"s":{"0":1,"1":1,"2":1,"3":1,"4":1,"5":10,"6":10,"7":1,"8":9,"9":9,"10":9,"11":9,"12":9,"13":7,"14":7,"15":2,"16":2,"17":1},"f":{"0":10,"1":10},"b":{"0":[1,9],"1":[9,4],"2":[9,4],"3":[9,3],"4":[9,3]},"_coverageSchema":"1a1c01bbd47fc00a2c39e90264f33305004495a9","hash":"74ea845a84a1a8a067278c7b0ad6e2835474d746"}
}
